<?xml version="1.0" encoding="UTF-8"?>
<!-- Generated by org.testng.reporters.JUnitReportReporter -->
<testsuite skipped="0" hostname="DESKTOP-0AFKJ3N" name="qaclickacademy.ExtentReportsDemo" tests="1" failures="0" timestamp="09 Feb 2021 14:19:26 GMT" time="12.363" errors="0">
  <testcase name="initialDemo" time="12.363" classname="qaclickacademy.ExtentReportsDemo"/>
</testsuite> <!-- qaclickacademy.ExtentReportsDemo -->
